ARM GAS  C:\Users\emanu\AppData\Local\Temp\ccOF5Bbr.s 			page 1


   1              		.syntax unified
   2              		.cpu cortex-m3
   3              		.fpu softvfp
   4              		.eabi_attribute 20, 1
   5              		.eabi_attribute 21, 1
   6              		.eabi_attribute 23, 3
   7              		.eabi_attribute 24, 1
   8              		.eabi_attribute 25, 1
   9              		.eabi_attribute 26, 1
  10              		.eabi_attribute 30, 1
  11              		.eabi_attribute 34, 1
  12              		.eabi_attribute 18, 4
  13              		.thumb
  14              		.syntax unified
  15              		.file	"cymetadata.c"
  16              		.text
  17              	.Ltext0:
  18              		.cfi_sections	.debug_frame
  19              		.global	cy_metadata
  20              		.global	cy_meta_flashprotect
  21              		.global	cy_meta_wonvl
  22              		.global	cy_meta_custnvl
  23              		.global	cy_meta_configecc
  24              		.section	.cyconfigecc,"a",%progbits
  25              		.align	2
  26              		.type	cy_meta_configecc, %object
  27              		.size	cy_meta_configecc, 160
  28              	cy_meta_configecc:
  29 0000 04       		.byte	4
  30 0001 14       		.byte	20
  31 0002 01       		.byte	1
  32 0003 40       		.byte	64
  33 0004 03       		.byte	3
  34 0005 15       		.byte	21
  35 0006 01       		.byte	1
  36 0007 40       		.byte	64
  37 0008 02       		.byte	2
  38 0009 1B       		.byte	27
  39 000a 01       		.byte	1
  40 000b 40       		.byte	64
  41 000c 02       		.byte	2
  42 000d 44       		.byte	68
  43 000e 01       		.byte	1
  44 000f 40       		.byte	64
  45 0010 01       		.byte	1
  46 0011 45       		.byte	69
  47 0012 01       		.byte	1
  48 0013 40       		.byte	64
  49 0014 03       		.byte	3
  50 0015 46       		.byte	70
  51 0016 01       		.byte	1
  52 0017 40       		.byte	64
  53 0018 02       		.byte	2
  54 0019 47       		.byte	71
  55 001a 01       		.byte	1
  56 001b 40       		.byte	64
  57 001c 02       		.byte	2
ARM GAS  C:\Users\emanu\AppData\Local\Temp\ccOF5Bbr.s 			page 2


  58 001d 48       		.byte	72
  59 001e 01       		.byte	1
  60 001f 40       		.byte	64
  61 0020 01       		.byte	1
  62 0021 49       		.byte	73
  63 0022 01       		.byte	1
  64 0023 40       		.byte	64
  65 0024 02       		.byte	2
  66 0025 4C       		.byte	76
  67 0026 01       		.byte	1
  68 0027 40       		.byte	64
  69 0028 05       		.byte	5
  70 0029 4D       		.byte	77
  71 002a 01       		.byte	1
  72 002b 40       		.byte	64
  73 002c B8       		.byte	-72
  74 002d 08       		.byte	8
  75 002e BE       		.byte	-66
  76 002f 04       		.byte	4
  77 0030 D8       		.byte	-40
  78 0031 04       		.byte	4
  79 0032 DF       		.byte	-33
  80 0033 01       		.byte	1
  81 0034 1C       		.byte	28
  82 0035 10       		.byte	16
  83 0036 8C       		.byte	-116
  84 0037 10       		.byte	16
  85 0038 EC       		.byte	-20
  86 0039 10       		.byte	16
  87 003a E0       		.byte	-32
  88 003b 10       		.byte	16
  89 003c EC       		.byte	-20
  90 003d 10       		.byte	16
  91 003e 7C       		.byte	124
  92 003f 02       		.byte	2
  93 0040 DE       		.byte	-34
  94 0041 01       		.byte	1
  95 0042 9C       		.byte	-100
  96 0043 02       		.byte	2
  97 0044 45       		.byte	69
  98 0045 08       		.byte	8
  99 0046 9C       		.byte	-100
 100 0047 02       		.byte	2
 101 0048 D0       		.byte	-48
 102 0049 01       		.byte	1
 103 004a 9C       		.byte	-100
 104 004b 02       		.byte	2
 105 004c A5       		.byte	-91
 106 004d 08       		.byte	8
 107 004e 25       		.byte	37
 108 004f 10       		.byte	16
 109 0050 C8       		.byte	-56
 110 0051 20       		.byte	32
 111 0052 B5       		.byte	-75
 112 0053 10       		.byte	16
 113 0054 9C       		.byte	-100
 114 0055 02       		.byte	2
ARM GAS  C:\Users\emanu\AppData\Local\Temp\ccOF5Bbr.s 			page 3


 115 0056 A5       		.byte	-91
 116 0057 08       		.byte	8
 117 0058 8C       		.byte	-116
 118 0059 02       		.byte	2
 119 005a 9C       		.byte	-100
 120 005b 02       		.byte	2
 121 005c B5       		.byte	-75
 122 005d 08       		.byte	8
 123 005e E0       		.byte	-32
 124 005f 08       		.byte	8
 125 0060 EC       		.byte	-20
 126 0061 08       		.byte	8
 127 0062 00       		.byte	0
 128 0063 00       		.byte	0
 129 0064 00       		.byte	0
 130 0065 63       		.byte	99
 131 0066 63       		.byte	99
 132 0067 00       		.byte	0
 133 0068 00       		.byte	0
 134 0069 00       		.byte	0
 135 006a 80       		.byte	-128
 136 006b 00       		.byte	0
 137 006c 30       		.byte	48
 138 006d 00       		.byte	0
 139 006e 00       		.byte	0
 140 006f 00       		.byte	0
 141 0070 00       		.byte	0
 142 0071 00       		.byte	0
 143 0072 00       		.byte	0
 144 0073 00       		.byte	0
 145 0074 01       		.byte	1
 146 0075 00       		.byte	0
 147 0076 00       		.byte	0
 148 0077 01       		.byte	1
 149 0078 00       		.byte	0
 150 0079 00       		.byte	0
 151 007a 00       		.byte	0
 152 007b 00       		.byte	0
 153 007c 00       		.byte	0
 154 007d 00       		.byte	0
 155 007e 00       		.byte	0
 156 007f 00       		.byte	0
 157 0080 00       		.byte	0
 158 0081 0B       		.byte	11
 159 0082 0B       		.byte	11
 160 0083 00       		.byte	0
 161 0084 00       		.byte	0
 162 0085 00       		.byte	0
 163 0086 00       		.byte	0
 164 0087 00       		.byte	0
 165 0088 00       		.byte	0
 166 0089 7F       		.byte	127
 167 008a 7F       		.byte	127
 168 008b 00       		.byte	0
 169 008c 00       		.byte	0
 170 008d 00       		.byte	0
 171 008e 80       		.byte	-128
ARM GAS  C:\Users\emanu\AppData\Local\Temp\ccOF5Bbr.s 			page 4


 172 008f 00       		.byte	0
 173 0090 E0       		.byte	-32
 174 0091 00       		.byte	0
 175 0092 00       		.byte	0
 176 0093 E0       		.byte	-32
 177 0094 1A       		.byte	26
 178 0095 00       		.byte	0
 179 0096 00       		.byte	0
 180 0097 00       		.byte	0
 181 0098 00       		.byte	0
 182 0099 00       		.byte	0
 183 009a 00       		.byte	0
 184 009b 00       		.byte	0
 185 009c 25       		.byte	37
 186 009d 00       		.byte	0
 187 009e 18       		.byte	24
 188 009f 01       		.byte	1
 189              		.section	.cywolatch,"a",%progbits
 190              		.align	2
 191              		.type	cy_meta_wonvl, %object
 192              		.size	cy_meta_wonvl, 4
 193              	cy_meta_wonvl:
 194 0000 BC       		.byte	-68
 195 0001 90       		.byte	-112
 196 0002 AC       		.byte	-84
 197 0003 AF       		.byte	-81
 198              		.section	.cycustnvl,"a",%progbits
 199              		.align	2
 200              		.type	cy_meta_custnvl, %object
 201              		.size	cy_meta_custnvl, 4
 202              	cy_meta_custnvl:
 203 0000 00       		.byte	0
 204 0001 00       		.byte	0
 205 0002 40       		.byte	64
 206 0003 05       		.byte	5
 207              		.section	.cymeta,"a",%progbits
 208              		.align	2
 209              		.type	cy_metadata, %object
 210              		.size	cy_metadata, 12
 211              	cy_metadata:
 212 0000 00       		.byte	0
 213 0001 01       		.byte	1
 214 0002 2E       		.byte	46
 215 0003 16       		.byte	22
 216 0004 10       		.byte	16
 217 0005 69       		.byte	105
 218 0006 00       		.byte	0
 219 0007 01       		.byte	1
 220 0008 00       		.byte	0
 221 0009 00       		.byte	0
 222 000a 00       		.byte	0
 223 000b 00       		.byte	0
 224              		.section	.cyflashprotect,"a",%progbits
 225              		.align	2
 226              		.type	cy_meta_flashprotect, %object
 227              		.size	cy_meta_flashprotect, 256
 228              	cy_meta_flashprotect:
ARM GAS  C:\Users\emanu\AppData\Local\Temp\ccOF5Bbr.s 			page 5


 229 0000 00000000 		.space	256
 229      00000000 
 229      00000000 
 229      00000000 
 229      00000000 
 230              		.text
 231              	.Letext0:
 232              		.file 1 "c:\\program files (x86)\\cypress\\psoc creator\\4.4\\psoc creator\\import\\gnu\\arm\\5.4.
 233              		.file 2 "c:\\program files (x86)\\cypress\\psoc creator\\4.4\\psoc creator\\import\\gnu\\arm\\5.4.
 234              		.file 3 "Generated_Source\\PSoC5\\cymetadata.c"
 235              		.section	.debug_info,"",%progbits
 236              	.Ldebug_info0:
 237 0000 30010000 		.4byte	0x130
 238 0004 0400     		.2byte	0x4
 239 0006 00000000 		.4byte	.Ldebug_abbrev0
 240 000a 04       		.byte	0x4
 241 000b 01       		.uleb128 0x1
 242 000c 7F000000 		.4byte	.LASF17
 243 0010 0C       		.byte	0xc
 244 0011 D9010000 		.4byte	.LASF18
 245 0015 0A000000 		.4byte	.LASF19
 246 0019 00000000 		.4byte	.Ldebug_line0
 247 001d 02       		.uleb128 0x2
 248 001e 01       		.byte	0x1
 249 001f 06       		.byte	0x6
 250 0020 CD010000 		.4byte	.LASF0
 251 0024 03       		.uleb128 0x3
 252 0025 00000000 		.4byte	.LASF9
 253 0029 01       		.byte	0x1
 254 002a 1D       		.byte	0x1d
 255 002b 2F000000 		.4byte	0x2f
 256 002f 02       		.uleb128 0x2
 257 0030 01       		.byte	0x1
 258 0031 08       		.byte	0x8
 259 0032 71000000 		.4byte	.LASF1
 260 0036 02       		.uleb128 0x2
 261 0037 02       		.byte	0x2
 262 0038 05       		.byte	0x5
 263 0039 BA010000 		.4byte	.LASF2
 264 003d 02       		.uleb128 0x2
 265 003e 02       		.byte	0x2
 266 003f 07       		.byte	0x7
 267 0040 1F010000 		.4byte	.LASF3
 268 0044 02       		.uleb128 0x2
 269 0045 04       		.byte	0x4
 270 0046 05       		.byte	0x5
 271 0047 C4010000 		.4byte	.LASF4
 272 004b 02       		.uleb128 0x2
 273 004c 04       		.byte	0x4
 274 004d 07       		.byte	0x7
 275 004e 0D010000 		.4byte	.LASF5
 276 0052 02       		.uleb128 0x2
 277 0053 08       		.byte	0x8
 278 0054 05       		.byte	0x5
 279 0055 AC010000 		.4byte	.LASF6
 280 0059 02       		.uleb128 0x2
 281 005a 08       		.byte	0x8
ARM GAS  C:\Users\emanu\AppData\Local\Temp\ccOF5Bbr.s 			page 6


 282 005b 07       		.byte	0x7
 283 005c 61010000 		.4byte	.LASF7
 284 0060 04       		.uleb128 0x4
 285 0061 04       		.byte	0x4
 286 0062 05       		.byte	0x5
 287 0063 696E7400 		.ascii	"int\000"
 288 0067 02       		.uleb128 0x2
 289 0068 04       		.byte	0x4
 290 0069 07       		.byte	0x7
 291 006a 54010000 		.4byte	.LASF8
 292 006e 03       		.uleb128 0x3
 293 006f 78010000 		.4byte	.LASF10
 294 0073 02       		.byte	0x2
 295 0074 18       		.byte	0x18
 296 0075 24000000 		.4byte	0x24
 297 0079 05       		.uleb128 0x5
 298 007a 90000000 		.4byte	0x90
 299 007e 89000000 		.4byte	0x89
 300 0082 06       		.uleb128 0x6
 301 0083 89000000 		.4byte	0x89
 302 0087 9F       		.byte	0x9f
 303 0088 00       		.byte	0
 304 0089 02       		.uleb128 0x2
 305 008a 04       		.byte	0x4
 306 008b 07       		.byte	0x7
 307 008c A3010000 		.4byte	.LASF11
 308 0090 07       		.uleb128 0x7
 309 0091 6E000000 		.4byte	0x6e
 310 0095 08       		.uleb128 0x8
 311 0096 42010000 		.4byte	.LASF12
 312 009a 03       		.byte	0x3
 313 009b 1F       		.byte	0x1f
 314 009c A6000000 		.4byte	0xa6
 315 00a0 05       		.uleb128 0x5
 316 00a1 03       		.byte	0x3
 317 00a2 00000000 		.4byte	cy_meta_configecc
 318 00a6 07       		.uleb128 0x7
 319 00a7 79000000 		.4byte	0x79
 320 00ab 05       		.uleb128 0x5
 321 00ac 90000000 		.4byte	0x90
 322 00b0 BB000000 		.4byte	0xbb
 323 00b4 06       		.uleb128 0x6
 324 00b5 89000000 		.4byte	0x89
 325 00b9 03       		.byte	0x3
 326 00ba 00       		.byte	0
 327 00bb 08       		.uleb128 0x8
 328 00bc 32010000 		.4byte	.LASF13
 329 00c0 03       		.byte	0x3
 330 00c1 40       		.byte	0x40
 331 00c2 CC000000 		.4byte	0xcc
 332 00c6 05       		.uleb128 0x5
 333 00c7 03       		.byte	0x3
 334 00c8 00000000 		.4byte	cy_meta_custnvl
 335 00cc 07       		.uleb128 0x7
 336 00cd AB000000 		.4byte	0xab
 337 00d1 08       		.uleb128 0x8
 338 00d2 95010000 		.4byte	.LASF14
ARM GAS  C:\Users\emanu\AppData\Local\Temp\ccOF5Bbr.s 			page 7


 339 00d6 03       		.byte	0x3
 340 00d7 4E       		.byte	0x4e
 341 00d8 E2000000 		.4byte	0xe2
 342 00dc 05       		.uleb128 0x5
 343 00dd 03       		.byte	0x3
 344 00de 00000000 		.4byte	cy_meta_wonvl
 345 00e2 07       		.uleb128 0x7
 346 00e3 AB000000 		.4byte	0xab
 347 00e7 05       		.uleb128 0x5
 348 00e8 90000000 		.4byte	0x90
 349 00ec F7000000 		.4byte	0xf7
 350 00f0 06       		.uleb128 0x6
 351 00f1 89000000 		.4byte	0x89
 352 00f5 FF       		.byte	0xff
 353 00f6 00       		.byte	0
 354 00f7 08       		.uleb128 0x8
 355 00f8 80010000 		.4byte	.LASF15
 356 00fc 03       		.byte	0x3
 357 00fd 5C       		.byte	0x5c
 358 00fe 08010000 		.4byte	0x108
 359 0102 05       		.uleb128 0x5
 360 0103 03       		.byte	0x3
 361 0104 00000000 		.4byte	cy_meta_flashprotect
 362 0108 07       		.uleb128 0x7
 363 0109 E7000000 		.4byte	0xe7
 364 010d 05       		.uleb128 0x5
 365 010e 90000000 		.4byte	0x90
 366 0112 1D010000 		.4byte	0x11d
 367 0116 06       		.uleb128 0x6
 368 0117 89000000 		.4byte	0x89
 369 011b 0B       		.byte	0xb
 370 011c 00       		.byte	0
 371 011d 08       		.uleb128 0x8
 372 011e 65000000 		.4byte	.LASF16
 373 0122 03       		.byte	0x3
 374 0123 89       		.byte	0x89
 375 0124 2E010000 		.4byte	0x12e
 376 0128 05       		.uleb128 0x5
 377 0129 03       		.byte	0x3
 378 012a 00000000 		.4byte	cy_metadata
 379 012e 07       		.uleb128 0x7
 380 012f 0D010000 		.4byte	0x10d
 381 0133 00       		.byte	0
 382              		.section	.debug_abbrev,"",%progbits
 383              	.Ldebug_abbrev0:
 384 0000 01       		.uleb128 0x1
 385 0001 11       		.uleb128 0x11
 386 0002 01       		.byte	0x1
 387 0003 25       		.uleb128 0x25
 388 0004 0E       		.uleb128 0xe
 389 0005 13       		.uleb128 0x13
 390 0006 0B       		.uleb128 0xb
 391 0007 03       		.uleb128 0x3
 392 0008 0E       		.uleb128 0xe
 393 0009 1B       		.uleb128 0x1b
 394 000a 0E       		.uleb128 0xe
 395 000b 10       		.uleb128 0x10
ARM GAS  C:\Users\emanu\AppData\Local\Temp\ccOF5Bbr.s 			page 8


 396 000c 17       		.uleb128 0x17
 397 000d 00       		.byte	0
 398 000e 00       		.byte	0
 399 000f 02       		.uleb128 0x2
 400 0010 24       		.uleb128 0x24
 401 0011 00       		.byte	0
 402 0012 0B       		.uleb128 0xb
 403 0013 0B       		.uleb128 0xb
 404 0014 3E       		.uleb128 0x3e
 405 0015 0B       		.uleb128 0xb
 406 0016 03       		.uleb128 0x3
 407 0017 0E       		.uleb128 0xe
 408 0018 00       		.byte	0
 409 0019 00       		.byte	0
 410 001a 03       		.uleb128 0x3
 411 001b 16       		.uleb128 0x16
 412 001c 00       		.byte	0
 413 001d 03       		.uleb128 0x3
 414 001e 0E       		.uleb128 0xe
 415 001f 3A       		.uleb128 0x3a
 416 0020 0B       		.uleb128 0xb
 417 0021 3B       		.uleb128 0x3b
 418 0022 0B       		.uleb128 0xb
 419 0023 49       		.uleb128 0x49
 420 0024 13       		.uleb128 0x13
 421 0025 00       		.byte	0
 422 0026 00       		.byte	0
 423 0027 04       		.uleb128 0x4
 424 0028 24       		.uleb128 0x24
 425 0029 00       		.byte	0
 426 002a 0B       		.uleb128 0xb
 427 002b 0B       		.uleb128 0xb
 428 002c 3E       		.uleb128 0x3e
 429 002d 0B       		.uleb128 0xb
 430 002e 03       		.uleb128 0x3
 431 002f 08       		.uleb128 0x8
 432 0030 00       		.byte	0
 433 0031 00       		.byte	0
 434 0032 05       		.uleb128 0x5
 435 0033 01       		.uleb128 0x1
 436 0034 01       		.byte	0x1
 437 0035 49       		.uleb128 0x49
 438 0036 13       		.uleb128 0x13
 439 0037 01       		.uleb128 0x1
 440 0038 13       		.uleb128 0x13
 441 0039 00       		.byte	0
 442 003a 00       		.byte	0
 443 003b 06       		.uleb128 0x6
 444 003c 21       		.uleb128 0x21
 445 003d 00       		.byte	0
 446 003e 49       		.uleb128 0x49
 447 003f 13       		.uleb128 0x13
 448 0040 2F       		.uleb128 0x2f
 449 0041 0B       		.uleb128 0xb
 450 0042 00       		.byte	0
 451 0043 00       		.byte	0
 452 0044 07       		.uleb128 0x7
ARM GAS  C:\Users\emanu\AppData\Local\Temp\ccOF5Bbr.s 			page 9


 453 0045 26       		.uleb128 0x26
 454 0046 00       		.byte	0
 455 0047 49       		.uleb128 0x49
 456 0048 13       		.uleb128 0x13
 457 0049 00       		.byte	0
 458 004a 00       		.byte	0
 459 004b 08       		.uleb128 0x8
 460 004c 34       		.uleb128 0x34
 461 004d 00       		.byte	0
 462 004e 03       		.uleb128 0x3
 463 004f 0E       		.uleb128 0xe
 464 0050 3A       		.uleb128 0x3a
 465 0051 0B       		.uleb128 0xb
 466 0052 3B       		.uleb128 0x3b
 467 0053 0B       		.uleb128 0xb
 468 0054 49       		.uleb128 0x49
 469 0055 13       		.uleb128 0x13
 470 0056 3F       		.uleb128 0x3f
 471 0057 19       		.uleb128 0x19
 472 0058 02       		.uleb128 0x2
 473 0059 18       		.uleb128 0x18
 474 005a 00       		.byte	0
 475 005b 00       		.byte	0
 476 005c 00       		.byte	0
 477              		.section	.debug_aranges,"",%progbits
 478 0000 14000000 		.4byte	0x14
 479 0004 0200     		.2byte	0x2
 480 0006 00000000 		.4byte	.Ldebug_info0
 481 000a 04       		.byte	0x4
 482 000b 00       		.byte	0
 483 000c 0000     		.2byte	0
 484 000e 0000     		.2byte	0
 485 0010 00000000 		.4byte	0
 486 0014 00000000 		.4byte	0
 487              		.section	.debug_line,"",%progbits
 488              	.Ldebug_line0:
 489 0000 3D010000 		.section	.debug_str,"MS",%progbits,1
 489      02003701 
 489      00000201 
 489      FB0E0D00 
 489      01010101 
 490              	.LASF9:
 491 0000 5F5F7569 		.ascii	"__uint8_t\000"
 491      6E74385F 
 491      7400
 492              	.LASF19:
 493 000a 433A5C55 		.ascii	"C:\\Users\\emanu\\OneDrive\\Documents\\Cours\\BA3\\"
 493      73657273 
 493      5C656D61 
 493      6E755C4F 
 493      6E654472 
 494 0036 454C4543 		.ascii	"ELEC H 310\\PSoC Creator\\Workspace01\\Lab1.cydsn\000"
 494      20482033 
 494      31305C50 
 494      536F4320 
 494      43726561 
 495              	.LASF16:
ARM GAS  C:\Users\emanu\AppData\Local\Temp\ccOF5Bbr.s 			page 10


 496 0065 63795F6D 		.ascii	"cy_metadata\000"
 496      65746164 
 496      61746100 
 497              	.LASF1:
 498 0071 756E7369 		.ascii	"unsigned char\000"
 498      676E6564 
 498      20636861 
 498      7200
 499              	.LASF17:
 500 007f 474E5520 		.ascii	"GNU C11 5.4.1 20160609 (release) [ARM/embedded-5-br"
 500      43313120 
 500      352E342E 
 500      31203230 
 500      31363036 
 501 00b2 616E6368 		.ascii	"anch revision 237715] -mcpu=cortex-m3 -mthumb -g -O"
 501      20726576 
 501      6973696F 
 501      6E203233 
 501      37373135 
 502 00e5 67202D66 		.ascii	"g -ffunction-sections -ffat-lto-objects\000"
 502      66756E63 
 502      74696F6E 
 502      2D736563 
 502      74696F6E 
 503              	.LASF5:
 504 010d 6C6F6E67 		.ascii	"long unsigned int\000"
 504      20756E73 
 504      69676E65 
 504      6420696E 
 504      7400
 505              	.LASF3:
 506 011f 73686F72 		.ascii	"short unsigned int\000"
 506      7420756E 
 506      7369676E 
 506      65642069 
 506      6E7400
 507              	.LASF13:
 508 0132 63795F6D 		.ascii	"cy_meta_custnvl\000"
 508      6574615F 
 508      63757374 
 508      6E766C00 
 509              	.LASF12:
 510 0142 63795F6D 		.ascii	"cy_meta_configecc\000"
 510      6574615F 
 510      636F6E66 
 510      69676563 
 510      6300
 511              	.LASF8:
 512 0154 756E7369 		.ascii	"unsigned int\000"
 512      676E6564 
 512      20696E74 
 512      00
 513              	.LASF7:
 514 0161 6C6F6E67 		.ascii	"long long unsigned int\000"
 514      206C6F6E 
 514      6720756E 
 514      7369676E 
ARM GAS  C:\Users\emanu\AppData\Local\Temp\ccOF5Bbr.s 			page 11


 514      65642069 
 515              	.LASF10:
 516 0178 75696E74 		.ascii	"uint8_t\000"
 516      385F7400 
 517              	.LASF15:
 518 0180 63795F6D 		.ascii	"cy_meta_flashprotect\000"
 518      6574615F 
 518      666C6173 
 518      6870726F 
 518      74656374 
 519              	.LASF14:
 520 0195 63795F6D 		.ascii	"cy_meta_wonvl\000"
 520      6574615F 
 520      776F6E76 
 520      6C00
 521              	.LASF11:
 522 01a3 73697A65 		.ascii	"sizetype\000"
 522      74797065 
 522      00
 523              	.LASF6:
 524 01ac 6C6F6E67 		.ascii	"long long int\000"
 524      206C6F6E 
 524      6720696E 
 524      7400
 525              	.LASF2:
 526 01ba 73686F72 		.ascii	"short int\000"
 526      7420696E 
 526      7400
 527              	.LASF4:
 528 01c4 6C6F6E67 		.ascii	"long int\000"
 528      20696E74 
 528      00
 529              	.LASF0:
 530 01cd 7369676E 		.ascii	"signed char\000"
 530      65642063 
 530      68617200 
 531              	.LASF18:
 532 01d9 47656E65 		.ascii	"Generated_Source\\PSoC5\\cymetadata.c\000"
 532      72617465 
 532      645F536F 
 532      75726365 
 532      5C50536F 
 533              		.ident	"GCC: (GNU Tools for ARM Embedded Processors) 5.4.1 20160609 (release) [ARM/embedded-5-bran
