ARM GAS  C:\Users\emanu\AppData\Local\Temp\ccvqZvS1.s 			page 1


   1              		.syntax unified
   2              		.cpu cortex-m3
   3              		.fpu softvfp
   4              		.eabi_attribute 20, 1
   5              		.eabi_attribute 21, 1
   6              		.eabi_attribute 23, 3
   7              		.eabi_attribute 24, 1
   8              		.eabi_attribute 25, 1
   9              		.eabi_attribute 26, 1
  10              		.eabi_attribute 30, 1
  11              		.eabi_attribute 34, 1
  12              		.eabi_attribute 18, 4
  13              		.thumb
  14              		.syntax unified
  15              		.file	"main.c"
  16              		.text
  17              	.Ltext0:
  18              		.cfi_sections	.debug_frame
  19              		.section	.text.main,"ax",%progbits
  20              		.align	2
  21              		.global	main
  22              		.thumb
  23              		.thumb_func
  24              		.type	main, %function
  25              	main:
  26              	.LFB64:
  27              		.file 1 "main.c"
   1:main.c        **** /* ========================================
   2:main.c        ****  *
   3:main.c        ****  * Copyright YOUR COMPANY, THE YEAR
   4:main.c        ****  * All Rights Reserved
   5:main.c        ****  * UNPUBLISHED, LICENSED SOFTWARE.
   6:main.c        ****  *
   7:main.c        ****  * CONFIDENTIAL AND PROPRIETARY INFORMATION
   8:main.c        ****  * WHICH IS THE PROPERTY OF your company.
   9:main.c        ****  *
  10:main.c        ****  * ========================================
  11:main.c        **** */
  12:main.c        **** #include "stdio.h"
  13:main.c        **** #include "project.h"
  14:main.c        **** #include "keypad.h"
  15:main.c        **** 
  16:main.c        **** char numb;
  17:main.c        **** uint32_t adc_val;
  18:main.c        **** uint32_t adcp;
  19:main.c        **** 
  20:main.c        **** int main(void)
  21:main.c        **** {
  28              		.loc 1 21 0
  29              		.cfi_startproc
  30              		@ Volatile: function does not return.
  31              		@ args = 0, pretend = 0, frame = 0
  32              		@ frame_needed = 0, uses_anonymous_args = 0
  33 0000 08B5     		push	{r3, lr}
  34              		.cfi_def_cfa_offset 8
  35              		.cfi_offset 3, -8
  36              		.cfi_offset 14, -4
ARM GAS  C:\Users\emanu\AppData\Local\Temp\ccvqZvS1.s 			page 2


  22:main.c        ****     CyGlobalIntEnable; /* Enable global interrupts. */
  37              		.loc 1 22 0
  38              		.syntax unified
  39              	@ 22 "main.c" 1
  40 0002 62B6     		CPSIE   i
  41              	@ 0 "" 2
  23:main.c        **** 
  24:main.c        ****     /* Place your initialization/startup code here (e.g. MyInst_Start()) */
  25:main.c        ****     LCD_Start();
  42              		.loc 1 25 0
  43              		.thumb
  44              		.syntax unified
  45 0004 FFF7FEFF 		bl	LCD_Start
  46              	.LVL0:
  26:main.c        ****     keypadInit();
  47              		.loc 1 26 0
  48 0008 FFF7FEFF 		bl	keypadInit
  49              	.LVL1:
  27:main.c        ****     ADC_Start();
  50              		.loc 1 27 0
  51 000c FFF7FEFF 		bl	ADC_Start
  52              	.LVL2:
  53              	.L3:
  28:main.c        ****     for(;;)
  29:main.c        ****     {
  30:main.c        ****         //Photo
  31:main.c        ****         ADC_StartConvert() ;
  54              		.loc 1 31 0
  55 0010 FFF7FEFF 		bl	ADC_StartConvert
  56              	.LVL3:
  32:main.c        ****         if(ADC_IsEndConversion(ADC_WAIT_FOR_RESULT)!=0){
  57              		.loc 1 32 0
  58 0014 0020     		movs	r0, #0
  59 0016 FFF7FEFF 		bl	ADC_IsEndConversion
  60              	.LVL4:
  61 001a 68B1     		cbz	r0, .L2
  33:main.c        ****             adc_val = ADC_GetResult32();
  62              		.loc 1 33 0
  63 001c FFF7FEFF 		bl	ADC_GetResult32
  64              	.LVL5:
  65 0020 0D4B     		ldr	r3, .L5
  66 0022 1860     		str	r0, [r3]
  34:main.c        ****             adcp=(adc_val*5000/(0xFFFF));
  67              		.loc 1 34 0
  68 0024 41F28833 		movw	r3, #5000
  69 0028 03FB00F0 		mul	r0, r3, r0
  70 002c 0B4B     		ldr	r3, .L5+4
  71 002e A3FB0030 		umull	r3, r0, r3, r0
  72 0032 C00B     		lsrs	r0, r0, #15
  73 0034 0A4B     		ldr	r3, .L5+8
  74 0036 1860     		str	r0, [r3]
  75              	.L2:
  35:main.c        ****         };
  36:main.c        ****         LCD_Position(0,0);
  76              		.loc 1 36 0
  77 0038 0021     		movs	r1, #0
  78 003a 0846     		mov	r0, r1
ARM GAS  C:\Users\emanu\AppData\Local\Temp\ccvqZvS1.s 			page 3


  79 003c FFF7FEFF 		bl	LCD_Position
  80              	.LVL6:
  37:main.c        ****         LCD_ClearDisplay();
  81              		.loc 1 37 0
  82 0040 0120     		movs	r0, #1
  83 0042 FFF7FEFF 		bl	LCD_WriteControl
  84              	.LVL7:
  38:main.c        ****         LCD_PrintNumber(adcp);
  85              		.loc 1 38 0
  86 0046 064B     		ldr	r3, .L5+8
  87 0048 1888     		ldrh	r0, [r3]
  88 004a FFF7FEFF 		bl	LCD_PrintU32Number
  89              	.LVL8:
  39:main.c        ****         CyDelay(50);
  90              		.loc 1 39 0
  91 004e 3220     		movs	r0, #50
  92 0050 FFF7FEFF 		bl	CyDelay
  93              	.LVL9:
  40:main.c        ****         
  41:main.c        ****         
  42:main.c        ****         
  43:main.c        ****         
  44:main.c        ****         //ADC
  45:main.c        ****         /*ADC_StartConvert();
  46:main.c        ****         if(ADC_IsEndConversion(ADC_WAIT_FOR_RESULT)!=0){
  47:main.c        ****             adc_val = ADC_GetResult32();
  48:main.c        ****             adcp=(adc_val*5000/(0xFFFF));
  49:main.c        ****         };
  50:main.c        ****         if(SW1_Read()){
  51:main.c        ****             LCD_ClearDisplay();
  52:main.c        ****         }
  53:main.c        ****         
  54:main.c        ****         LCD_Position(0,0);
  55:main.c        ****         LCD_ClearDisplay();
  56:main.c        ****         LCD_PrintNumber(adcp);
  57:main.c        ****         CyDelay(50);
  58:main.c        ****         if(adcp <1000){
  59:main.c        ****             LED1_Write(1);LED2_Write(0);LED3_Write(0);LED4_Write(0);
  60:main.c        ****         }
  61:main.c        ****         if(1000<=adcp && adcp<2000){
  62:main.c        ****             LED2_Write(1);LED1_Write(0);LED3_Write(0);LED4_Write(0);
  63:main.c        ****         }
  64:main.c        ****         if(2000<=adcp && adcp<3000){
  65:main.c        ****             LED3_Write(1);LED1_Write(0);LED2_Write(0);LED4_Write(0);
  66:main.c        ****         }
  67:main.c        ****         if(3000<=adcp && adcp<4000){
  68:main.c        ****             LED4_Write(1);LED1_Write(0);LED2_Write(0);LED3_Write(0);
  69:main.c        ****         }*/
  70:main.c        ****         
  71:main.c        ****         
  72:main.c        ****         
  73:main.c        ****         /*Keypad
  74:main.c        ****         if(SW1_Read()){
  75:main.c        ****             LCD_ClearDisplay();
  76:main.c        ****         }
  77:main.c        ****         CyDelay(100);
  78:main.c        ****         numb = keypadScan();
ARM GAS  C:\Users\emanu\AppData\Local\Temp\ccvqZvS1.s 			page 4


  79:main.c        ****         if (numb != 'z'){
  80:main.c        ****             //LCD_Position(0,1);
  81:main.c        ****             LCD_PutChar(numb);
  82:main.c        ****         }*/
  83:main.c        ****         
  84:main.c        ****         
  85:main.c        ****         /*LED
  86:main.c        ****         if (SW2_Read()){
  87:main.c        ****             LED1_Write(1);
  88:main.c        ****             CyDelay(100);
  89:main.c        ****             LED2_Write(1);
  90:main.c        ****             CyDelay(100);
  91:main.c        ****             LED3_Write(1);
  92:main.c        ****             CyDelay(100);
  93:main.c        ****             LED4_Write(1);
  94:main.c        ****             CyDelay(100);
  95:main.c        ****         }
  96:main.c        ****         else{
  97:main.c        ****             LED4_Write(0);
  98:main.c        ****             CyDelay(100);
  99:main.c        ****             LED3_Write(0);
 100:main.c        ****             CyDelay(100);
 101:main.c        ****             LED2_Write(0);
 102:main.c        ****             CyDelay(100);
 103:main.c        ****             LED1_Write(0);
 104:main.c        ****             CyDelay(100);
 105:main.c        ****         }*/
 106:main.c        ****          /*LCD*/   
 107:main.c        ****         /*LCD_ClearDisplay();*/           
 108:main.c        ****         /*LCD_Position(0,1);
 109:main.c        ****         LCD_PutChar('C');
 110:main.c        ****         LCD_Position(1,7);
 111:main.c        ****         LCD_PrintNumber(2);
 112:main.c        ****             
 113:main.c        ****             
 114:main.c        ****         
 115:main.c        ****         if(SW2_Read()){
 116:main.c        ****             LCD_ClearDisplay();
 117:main.c        ****         }*/
 118:main.c        ****             
 119:main.c        ****     }
  94              		.loc 1 119 0
  95 0054 DCE7     		b	.L3
  96              	.L6:
  97 0056 00BF     		.align	2
  98              	.L5:
  99 0058 00000000 		.word	adc_val
 100 005c 01800080 		.word	-2147450879
 101 0060 00000000 		.word	adcp
 102              		.cfi_endproc
 103              	.LFE64:
 104              		.size	main, .-main
 105              		.comm	adcp,4,4
 106              		.comm	adc_val,4,4
 107              		.comm	numb,1,1
 108              		.text
 109              	.Letext0:
ARM GAS  C:\Users\emanu\AppData\Local\Temp\ccvqZvS1.s 			page 5


 110              		.file 2 "c:\\program files (x86)\\cypress\\psoc creator\\4.4\\psoc creator\\import\\gnu\\arm\\5.4.
 111              		.file 3 "c:\\program files (x86)\\cypress\\psoc creator\\4.4\\psoc creator\\import\\gnu\\arm\\5.4.
 112              		.file 4 "Generated_Source\\PSoC5/cytypes.h"
 113              		.file 5 "Generated_Source\\PSoC5/core_cm3.h"
 114              		.file 6 "Generated_Source\\PSoC5/LCD.h"
 115              		.file 7 "keypad.h"
 116              		.file 8 "Generated_Source\\PSoC5/ADC.h"
 117              		.file 9 "Generated_Source\\PSoC5/CyLib.h"
 118              		.section	.debug_info,"",%progbits
 119              	.Ldebug_info0:
 120 0000 13020000 		.4byte	0x213
 121 0004 0400     		.2byte	0x4
 122 0006 00000000 		.4byte	.Ldebug_abbrev0
 123 000a 04       		.byte	0x4
 124 000b 01       		.uleb128 0x1
 125 000c A3000000 		.4byte	.LASF33
 126 0010 0C       		.byte	0xc
 127 0011 2C020000 		.4byte	.LASF34
 128 0015 1B000000 		.4byte	.LASF35
 129 0019 00000000 		.4byte	.Ldebug_ranges0+0
 130 001d 00000000 		.4byte	0
 131 0021 00000000 		.4byte	.Ldebug_line0
 132 0025 02       		.uleb128 0x2
 133 0026 01       		.byte	0x1
 134 0027 06       		.byte	0x6
 135 0028 65020000 		.4byte	.LASF0
 136 002c 02       		.uleb128 0x2
 137 002d 01       		.byte	0x1
 138 002e 08       		.byte	0x8
 139 002f 95000000 		.4byte	.LASF1
 140 0033 02       		.uleb128 0x2
 141 0034 02       		.byte	0x2
 142 0035 05       		.byte	0x5
 143 0036 38020000 		.4byte	.LASF2
 144 003a 02       		.uleb128 0x2
 145 003b 02       		.byte	0x2
 146 003c 07       		.byte	0x7
 147 003d 56010000 		.4byte	.LASF3
 148 0041 03       		.uleb128 0x3
 149 0042 11000000 		.4byte	.LASF5
 150 0046 02       		.byte	0x2
 151 0047 3F       		.byte	0x3f
 152 0048 4C000000 		.4byte	0x4c
 153 004c 02       		.uleb128 0x2
 154 004d 04       		.byte	0x4
 155 004e 05       		.byte	0x5
 156 004f 50020000 		.4byte	.LASF4
 157 0053 03       		.uleb128 0x3
 158 0054 98010000 		.4byte	.LASF6
 159 0058 02       		.byte	0x2
 160 0059 41       		.byte	0x41
 161 005a 5E000000 		.4byte	0x5e
 162 005e 02       		.uleb128 0x2
 163 005f 04       		.byte	0x4
 164 0060 07       		.byte	0x7
 165 0061 86010000 		.4byte	.LASF7
 166 0065 02       		.uleb128 0x2
ARM GAS  C:\Users\emanu\AppData\Local\Temp\ccvqZvS1.s 			page 6


 167 0066 08       		.byte	0x8
 168 0067 05       		.byte	0x5
 169 0068 1E020000 		.4byte	.LASF8
 170 006c 02       		.uleb128 0x2
 171 006d 08       		.byte	0x8
 172 006e 07       		.byte	0x7
 173 006f BC010000 		.4byte	.LASF9
 174 0073 04       		.uleb128 0x4
 175 0074 04       		.byte	0x4
 176 0075 05       		.byte	0x5
 177 0076 696E7400 		.ascii	"int\000"
 178 007a 02       		.uleb128 0x2
 179 007b 04       		.byte	0x4
 180 007c 07       		.byte	0x7
 181 007d AF010000 		.4byte	.LASF10
 182 0081 02       		.uleb128 0x2
 183 0082 08       		.byte	0x8
 184 0083 04       		.byte	0x4
 185 0084 59020000 		.4byte	.LASF11
 186 0088 02       		.uleb128 0x2
 187 0089 04       		.byte	0x4
 188 008a 07       		.byte	0x7
 189 008b 0A020000 		.4byte	.LASF12
 190 008f 02       		.uleb128 0x2
 191 0090 01       		.byte	0x1
 192 0091 08       		.byte	0x8
 193 0092 33020000 		.4byte	.LASF13
 194 0096 03       		.uleb128 0x3
 195 0097 02020000 		.4byte	.LASF14
 196 009b 03       		.byte	0x3
 197 009c 2C       		.byte	0x2c
 198 009d 41000000 		.4byte	0x41
 199 00a1 03       		.uleb128 0x3
 200 00a2 47020000 		.4byte	.LASF15
 201 00a6 03       		.byte	0x3
 202 00a7 30       		.byte	0x30
 203 00a8 53000000 		.4byte	0x53
 204 00ac 05       		.uleb128 0x5
 205 00ad A3010000 		.4byte	.LASF16
 206 00b1 04       		.byte	0x4
 207 00b2 E901     		.2byte	0x1e9
 208 00b4 3A000000 		.4byte	0x3a
 209 00b8 02       		.uleb128 0x2
 210 00b9 04       		.byte	0x4
 211 00ba 04       		.byte	0x4
 212 00bb 85000000 		.4byte	.LASF17
 213 00bf 02       		.uleb128 0x2
 214 00c0 08       		.byte	0x8
 215 00c1 04       		.byte	0x4
 216 00c2 76000000 		.4byte	.LASF18
 217 00c6 06       		.uleb128 0x6
 218 00c7 AA010000 		.4byte	.LASF36
 219 00cb 01       		.byte	0x1
 220 00cc 14       		.byte	0x14
 221 00cd 73000000 		.4byte	0x73
 222 00d1 00000000 		.4byte	.LFB64
 223 00d5 64000000 		.4byte	.LFE64-.LFB64
ARM GAS  C:\Users\emanu\AppData\Local\Temp\ccvqZvS1.s 			page 7


 224 00d9 01       		.uleb128 0x1
 225 00da 9C       		.byte	0x9c
 226 00db 64010000 		.4byte	0x164
 227 00df 07       		.uleb128 0x7
 228 00e0 08000000 		.4byte	.LVL0
 229 00e4 A8010000 		.4byte	0x1a8
 230 00e8 07       		.uleb128 0x7
 231 00e9 0C000000 		.4byte	.LVL1
 232 00ed B3010000 		.4byte	0x1b3
 233 00f1 07       		.uleb128 0x7
 234 00f2 10000000 		.4byte	.LVL2
 235 00f6 BE010000 		.4byte	0x1be
 236 00fa 07       		.uleb128 0x7
 237 00fb 14000000 		.4byte	.LVL3
 238 00ff C9010000 		.4byte	0x1c9
 239 0103 08       		.uleb128 0x8
 240 0104 1A000000 		.4byte	.LVL4
 241 0108 D4010000 		.4byte	0x1d4
 242 010c 16010000 		.4byte	0x116
 243 0110 09       		.uleb128 0x9
 244 0111 01       		.uleb128 0x1
 245 0112 50       		.byte	0x50
 246 0113 01       		.uleb128 0x1
 247 0114 30       		.byte	0x30
 248 0115 00       		.byte	0
 249 0116 07       		.uleb128 0x7
 250 0117 20000000 		.4byte	.LVL5
 251 011b DF010000 		.4byte	0x1df
 252 011f 08       		.uleb128 0x8
 253 0120 40000000 		.4byte	.LVL6
 254 0124 EA010000 		.4byte	0x1ea
 255 0128 37010000 		.4byte	0x137
 256 012c 09       		.uleb128 0x9
 257 012d 01       		.uleb128 0x1
 258 012e 50       		.byte	0x50
 259 012f 01       		.uleb128 0x1
 260 0130 30       		.byte	0x30
 261 0131 09       		.uleb128 0x9
 262 0132 01       		.uleb128 0x1
 263 0133 51       		.byte	0x51
 264 0134 01       		.uleb128 0x1
 265 0135 30       		.byte	0x30
 266 0136 00       		.byte	0
 267 0137 08       		.uleb128 0x8
 268 0138 46000000 		.4byte	.LVL7
 269 013c F5010000 		.4byte	0x1f5
 270 0140 4A010000 		.4byte	0x14a
 271 0144 09       		.uleb128 0x9
 272 0145 01       		.uleb128 0x1
 273 0146 50       		.byte	0x50
 274 0147 01       		.uleb128 0x1
 275 0148 31       		.byte	0x31
 276 0149 00       		.byte	0
 277 014a 07       		.uleb128 0x7
 278 014b 4E000000 		.4byte	.LVL8
 279 014f 00020000 		.4byte	0x200
 280 0153 0A       		.uleb128 0xa
ARM GAS  C:\Users\emanu\AppData\Local\Temp\ccvqZvS1.s 			page 8


 281 0154 54000000 		.4byte	.LVL9
 282 0158 0B020000 		.4byte	0x20b
 283 015c 09       		.uleb128 0x9
 284 015d 01       		.uleb128 0x1
 285 015e 50       		.byte	0x50
 286 015f 02       		.uleb128 0x2
 287 0160 08       		.byte	0x8
 288 0161 32       		.byte	0x32
 289 0162 00       		.byte	0
 290 0163 00       		.byte	0
 291 0164 0B       		.uleb128 0xb
 292 0165 69010000 		.4byte	.LASF19
 293 0169 05       		.byte	0x5
 294 016a 1207     		.2byte	0x712
 295 016c 70010000 		.4byte	0x170
 296 0170 0C       		.uleb128 0xc
 297 0171 96000000 		.4byte	0x96
 298 0175 0D       		.uleb128 0xd
 299 0176 FD010000 		.4byte	.LASF20
 300 017a 01       		.byte	0x1
 301 017b 10       		.byte	0x10
 302 017c 8F000000 		.4byte	0x8f
 303 0180 05       		.uleb128 0x5
 304 0181 03       		.byte	0x3
 305 0182 00000000 		.4byte	numb
 306 0186 0D       		.uleb128 0xd
 307 0187 7D000000 		.4byte	.LASF21
 308 018b 01       		.byte	0x1
 309 018c 11       		.byte	0x11
 310 018d A1000000 		.4byte	0xa1
 311 0191 05       		.uleb128 0x5
 312 0192 03       		.byte	0x3
 313 0193 00000000 		.4byte	adc_val
 314 0197 0D       		.uleb128 0xd
 315 0198 42020000 		.4byte	.LASF22
 316 019c 01       		.byte	0x1
 317 019d 12       		.byte	0x12
 318 019e A1000000 		.4byte	0xa1
 319 01a2 05       		.uleb128 0x5
 320 01a3 03       		.byte	0x3
 321 01a4 00000000 		.4byte	adcp
 322 01a8 0E       		.uleb128 0xe
 323 01a9 8B000000 		.4byte	.LASF23
 324 01ad 8B000000 		.4byte	.LASF23
 325 01b1 06       		.byte	0x6
 326 01b2 38       		.byte	0x38
 327 01b3 0E       		.uleb128 0xe
 328 01b4 13020000 		.4byte	.LASF24
 329 01b8 13020000 		.4byte	.LASF24
 330 01bc 07       		.byte	0x7
 331 01bd 0E       		.byte	0xe
 332 01be 0E       		.uleb128 0xe
 333 01bf F3010000 		.4byte	.LASF25
 334 01c3 F3010000 		.4byte	.LASF25
 335 01c7 08       		.byte	0x8
 336 01c8 3A       		.byte	0x3a
 337 01c9 0E       		.uleb128 0xe
ARM GAS  C:\Users\emanu\AppData\Local\Temp\ccvqZvS1.s 			page 9


 338 01ca 31010000 		.4byte	.LASF26
 339 01ce 31010000 		.4byte	.LASF26
 340 01d2 08       		.byte	0x8
 341 01d3 3D       		.byte	0x3d
 342 01d4 0E       		.uleb128 0xe
 343 01d5 42010000 		.4byte	.LASF27
 344 01d9 42010000 		.4byte	.LASF27
 345 01dd 08       		.byte	0x8
 346 01de 3F       		.byte	0x3f
 347 01df 0E       		.uleb128 0xe
 348 01e0 76010000 		.4byte	.LASF28
 349 01e4 76010000 		.4byte	.LASF28
 350 01e8 08       		.byte	0x8
 351 01e9 42       		.byte	0x42
 352 01ea 0E       		.uleb128 0xe
 353 01eb D3010000 		.4byte	.LASF29
 354 01ef D3010000 		.4byte	.LASF29
 355 01f3 06       		.byte	0x6
 356 01f4 3D       		.byte	0x3d
 357 01f5 0E       		.uleb128 0xe
 358 01f6 00000000 		.4byte	.LASF30
 359 01fa 00000000 		.4byte	.LASF30
 360 01fe 06       		.byte	0x6
 361 01ff 3A       		.byte	0x3a
 362 0200 0E       		.uleb128 0xe
 363 0201 E0010000 		.4byte	.LASF31
 364 0205 E0010000 		.4byte	.LASF31
 365 0209 06       		.byte	0x6
 366 020a 61       		.byte	0x61
 367 020b 0E       		.uleb128 0xe
 368 020c 71020000 		.4byte	.LASF32
 369 0210 71020000 		.4byte	.LASF32
 370 0214 09       		.byte	0x9
 371 0215 76       		.byte	0x76
 372 0216 00       		.byte	0
 373              		.section	.debug_abbrev,"",%progbits
 374              	.Ldebug_abbrev0:
 375 0000 01       		.uleb128 0x1
 376 0001 11       		.uleb128 0x11
 377 0002 01       		.byte	0x1
 378 0003 25       		.uleb128 0x25
 379 0004 0E       		.uleb128 0xe
 380 0005 13       		.uleb128 0x13
 381 0006 0B       		.uleb128 0xb
 382 0007 03       		.uleb128 0x3
 383 0008 0E       		.uleb128 0xe
 384 0009 1B       		.uleb128 0x1b
 385 000a 0E       		.uleb128 0xe
 386 000b 55       		.uleb128 0x55
 387 000c 17       		.uleb128 0x17
 388 000d 11       		.uleb128 0x11
 389 000e 01       		.uleb128 0x1
 390 000f 10       		.uleb128 0x10
 391 0010 17       		.uleb128 0x17
 392 0011 00       		.byte	0
 393 0012 00       		.byte	0
 394 0013 02       		.uleb128 0x2
ARM GAS  C:\Users\emanu\AppData\Local\Temp\ccvqZvS1.s 			page 10


 395 0014 24       		.uleb128 0x24
 396 0015 00       		.byte	0
 397 0016 0B       		.uleb128 0xb
 398 0017 0B       		.uleb128 0xb
 399 0018 3E       		.uleb128 0x3e
 400 0019 0B       		.uleb128 0xb
 401 001a 03       		.uleb128 0x3
 402 001b 0E       		.uleb128 0xe
 403 001c 00       		.byte	0
 404 001d 00       		.byte	0
 405 001e 03       		.uleb128 0x3
 406 001f 16       		.uleb128 0x16
 407 0020 00       		.byte	0
 408 0021 03       		.uleb128 0x3
 409 0022 0E       		.uleb128 0xe
 410 0023 3A       		.uleb128 0x3a
 411 0024 0B       		.uleb128 0xb
 412 0025 3B       		.uleb128 0x3b
 413 0026 0B       		.uleb128 0xb
 414 0027 49       		.uleb128 0x49
 415 0028 13       		.uleb128 0x13
 416 0029 00       		.byte	0
 417 002a 00       		.byte	0
 418 002b 04       		.uleb128 0x4
 419 002c 24       		.uleb128 0x24
 420 002d 00       		.byte	0
 421 002e 0B       		.uleb128 0xb
 422 002f 0B       		.uleb128 0xb
 423 0030 3E       		.uleb128 0x3e
 424 0031 0B       		.uleb128 0xb
 425 0032 03       		.uleb128 0x3
 426 0033 08       		.uleb128 0x8
 427 0034 00       		.byte	0
 428 0035 00       		.byte	0
 429 0036 05       		.uleb128 0x5
 430 0037 16       		.uleb128 0x16
 431 0038 00       		.byte	0
 432 0039 03       		.uleb128 0x3
 433 003a 0E       		.uleb128 0xe
 434 003b 3A       		.uleb128 0x3a
 435 003c 0B       		.uleb128 0xb
 436 003d 3B       		.uleb128 0x3b
 437 003e 05       		.uleb128 0x5
 438 003f 49       		.uleb128 0x49
 439 0040 13       		.uleb128 0x13
 440 0041 00       		.byte	0
 441 0042 00       		.byte	0
 442 0043 06       		.uleb128 0x6
 443 0044 2E       		.uleb128 0x2e
 444 0045 01       		.byte	0x1
 445 0046 3F       		.uleb128 0x3f
 446 0047 19       		.uleb128 0x19
 447 0048 03       		.uleb128 0x3
 448 0049 0E       		.uleb128 0xe
 449 004a 3A       		.uleb128 0x3a
 450 004b 0B       		.uleb128 0xb
 451 004c 3B       		.uleb128 0x3b
ARM GAS  C:\Users\emanu\AppData\Local\Temp\ccvqZvS1.s 			page 11


 452 004d 0B       		.uleb128 0xb
 453 004e 27       		.uleb128 0x27
 454 004f 19       		.uleb128 0x19
 455 0050 49       		.uleb128 0x49
 456 0051 13       		.uleb128 0x13
 457 0052 8701     		.uleb128 0x87
 458 0054 19       		.uleb128 0x19
 459 0055 11       		.uleb128 0x11
 460 0056 01       		.uleb128 0x1
 461 0057 12       		.uleb128 0x12
 462 0058 06       		.uleb128 0x6
 463 0059 40       		.uleb128 0x40
 464 005a 18       		.uleb128 0x18
 465 005b 9742     		.uleb128 0x2117
 466 005d 19       		.uleb128 0x19
 467 005e 01       		.uleb128 0x1
 468 005f 13       		.uleb128 0x13
 469 0060 00       		.byte	0
 470 0061 00       		.byte	0
 471 0062 07       		.uleb128 0x7
 472 0063 898201   		.uleb128 0x4109
 473 0066 00       		.byte	0
 474 0067 11       		.uleb128 0x11
 475 0068 01       		.uleb128 0x1
 476 0069 31       		.uleb128 0x31
 477 006a 13       		.uleb128 0x13
 478 006b 00       		.byte	0
 479 006c 00       		.byte	0
 480 006d 08       		.uleb128 0x8
 481 006e 898201   		.uleb128 0x4109
 482 0071 01       		.byte	0x1
 483 0072 11       		.uleb128 0x11
 484 0073 01       		.uleb128 0x1
 485 0074 31       		.uleb128 0x31
 486 0075 13       		.uleb128 0x13
 487 0076 01       		.uleb128 0x1
 488 0077 13       		.uleb128 0x13
 489 0078 00       		.byte	0
 490 0079 00       		.byte	0
 491 007a 09       		.uleb128 0x9
 492 007b 8A8201   		.uleb128 0x410a
 493 007e 00       		.byte	0
 494 007f 02       		.uleb128 0x2
 495 0080 18       		.uleb128 0x18
 496 0081 9142     		.uleb128 0x2111
 497 0083 18       		.uleb128 0x18
 498 0084 00       		.byte	0
 499 0085 00       		.byte	0
 500 0086 0A       		.uleb128 0xa
 501 0087 898201   		.uleb128 0x4109
 502 008a 01       		.byte	0x1
 503 008b 11       		.uleb128 0x11
 504 008c 01       		.uleb128 0x1
 505 008d 31       		.uleb128 0x31
 506 008e 13       		.uleb128 0x13
 507 008f 00       		.byte	0
 508 0090 00       		.byte	0
ARM GAS  C:\Users\emanu\AppData\Local\Temp\ccvqZvS1.s 			page 12


 509 0091 0B       		.uleb128 0xb
 510 0092 34       		.uleb128 0x34
 511 0093 00       		.byte	0
 512 0094 03       		.uleb128 0x3
 513 0095 0E       		.uleb128 0xe
 514 0096 3A       		.uleb128 0x3a
 515 0097 0B       		.uleb128 0xb
 516 0098 3B       		.uleb128 0x3b
 517 0099 05       		.uleb128 0x5
 518 009a 49       		.uleb128 0x49
 519 009b 13       		.uleb128 0x13
 520 009c 3F       		.uleb128 0x3f
 521 009d 19       		.uleb128 0x19
 522 009e 3C       		.uleb128 0x3c
 523 009f 19       		.uleb128 0x19
 524 00a0 00       		.byte	0
 525 00a1 00       		.byte	0
 526 00a2 0C       		.uleb128 0xc
 527 00a3 35       		.uleb128 0x35
 528 00a4 00       		.byte	0
 529 00a5 49       		.uleb128 0x49
 530 00a6 13       		.uleb128 0x13
 531 00a7 00       		.byte	0
 532 00a8 00       		.byte	0
 533 00a9 0D       		.uleb128 0xd
 534 00aa 34       		.uleb128 0x34
 535 00ab 00       		.byte	0
 536 00ac 03       		.uleb128 0x3
 537 00ad 0E       		.uleb128 0xe
 538 00ae 3A       		.uleb128 0x3a
 539 00af 0B       		.uleb128 0xb
 540 00b0 3B       		.uleb128 0x3b
 541 00b1 0B       		.uleb128 0xb
 542 00b2 49       		.uleb128 0x49
 543 00b3 13       		.uleb128 0x13
 544 00b4 3F       		.uleb128 0x3f
 545 00b5 19       		.uleb128 0x19
 546 00b6 02       		.uleb128 0x2
 547 00b7 18       		.uleb128 0x18
 548 00b8 00       		.byte	0
 549 00b9 00       		.byte	0
 550 00ba 0E       		.uleb128 0xe
 551 00bb 2E       		.uleb128 0x2e
 552 00bc 00       		.byte	0
 553 00bd 3F       		.uleb128 0x3f
 554 00be 19       		.uleb128 0x19
 555 00bf 3C       		.uleb128 0x3c
 556 00c0 19       		.uleb128 0x19
 557 00c1 6E       		.uleb128 0x6e
 558 00c2 0E       		.uleb128 0xe
 559 00c3 03       		.uleb128 0x3
 560 00c4 0E       		.uleb128 0xe
 561 00c5 3A       		.uleb128 0x3a
 562 00c6 0B       		.uleb128 0xb
 563 00c7 3B       		.uleb128 0x3b
 564 00c8 0B       		.uleb128 0xb
 565 00c9 00       		.byte	0
ARM GAS  C:\Users\emanu\AppData\Local\Temp\ccvqZvS1.s 			page 13


 566 00ca 00       		.byte	0
 567 00cb 00       		.byte	0
 568              		.section	.debug_aranges,"",%progbits
 569 0000 1C000000 		.4byte	0x1c
 570 0004 0200     		.2byte	0x2
 571 0006 00000000 		.4byte	.Ldebug_info0
 572 000a 04       		.byte	0x4
 573 000b 00       		.byte	0
 574 000c 0000     		.2byte	0
 575 000e 0000     		.2byte	0
 576 0010 00000000 		.4byte	.LFB64
 577 0014 64000000 		.4byte	.LFE64-.LFB64
 578 0018 00000000 		.4byte	0
 579 001c 00000000 		.4byte	0
 580              		.section	.debug_ranges,"",%progbits
 581              	.Ldebug_ranges0:
 582 0000 00000000 		.4byte	.LFB64
 583 0004 64000000 		.4byte	.LFE64
 584 0008 00000000 		.4byte	0
 585 000c 00000000 		.4byte	0
 586              		.section	.debug_line,"",%progbits
 587              	.Ldebug_line0:
 588 0000 9A010000 		.section	.debug_str,"MS",%progbits,1
 588      02007501 
 588      00000201 
 588      FB0E0D00 
 588      01010101 
 589              	.LASF30:
 590 0000 4C43445F 		.ascii	"LCD_WriteControl\000"
 590      57726974 
 590      65436F6E 
 590      74726F6C 
 590      00
 591              	.LASF5:
 592 0011 5F5F696E 		.ascii	"__int32_t\000"
 592      7433325F 
 592      7400
 593              	.LASF35:
 594 001b 433A5C55 		.ascii	"C:\\Users\\emanu\\OneDrive\\Documents\\Cours\\BA3\\"
 594      73657273 
 594      5C656D61 
 594      6E755C4F 
 594      6E654472 
 595 0047 454C4543 		.ascii	"ELEC H 310\\PSoC Creator\\Workspace01\\Lab1.cydsn\000"
 595      20482033 
 595      31305C50 
 595      536F4320 
 595      43726561 
 596              	.LASF18:
 597 0076 646F7562 		.ascii	"double\000"
 597      6C6500
 598              	.LASF21:
 599 007d 6164635F 		.ascii	"adc_val\000"
 599      76616C00 
 600              	.LASF17:
 601 0085 666C6F61 		.ascii	"float\000"
 601      7400
ARM GAS  C:\Users\emanu\AppData\Local\Temp\ccvqZvS1.s 			page 14


 602              	.LASF23:
 603 008b 4C43445F 		.ascii	"LCD_Start\000"
 603      53746172 
 603      7400
 604              	.LASF1:
 605 0095 756E7369 		.ascii	"unsigned char\000"
 605      676E6564 
 605      20636861 
 605      7200
 606              	.LASF33:
 607 00a3 474E5520 		.ascii	"GNU C11 5.4.1 20160609 (release) [ARM/embedded-5-br"
 607      43313120 
 607      352E342E 
 607      31203230 
 607      31363036 
 608 00d6 616E6368 		.ascii	"anch revision 237715] -mcpu=cortex-m3 -mthumb -g -O"
 608      20726576 
 608      6973696F 
 608      6E203233 
 608      37373135 
 609 0109 67202D66 		.ascii	"g -ffunction-sections -ffat-lto-objects\000"
 609      66756E63 
 609      74696F6E 
 609      2D736563 
 609      74696F6E 
 610              	.LASF26:
 611 0131 4144435F 		.ascii	"ADC_StartConvert\000"
 611      53746172 
 611      74436F6E 
 611      76657274 
 611      00
 612              	.LASF27:
 613 0142 4144435F 		.ascii	"ADC_IsEndConversion\000"
 613      4973456E 
 613      64436F6E 
 613      76657273 
 613      696F6E00 
 614              	.LASF3:
 615 0156 73686F72 		.ascii	"short unsigned int\000"
 615      7420756E 
 615      7369676E 
 615      65642069 
 615      6E7400
 616              	.LASF19:
 617 0169 49544D5F 		.ascii	"ITM_RxBuffer\000"
 617      52784275 
 617      66666572 
 617      00
 618              	.LASF28:
 619 0176 4144435F 		.ascii	"ADC_GetResult32\000"
 619      47657452 
 619      6573756C 
 619      74333200 
 620              	.LASF7:
 621 0186 6C6F6E67 		.ascii	"long unsigned int\000"
 621      20756E73 
 621      69676E65 
ARM GAS  C:\Users\emanu\AppData\Local\Temp\ccvqZvS1.s 			page 15


 621      6420696E 
 621      7400
 622              	.LASF6:
 623 0198 5F5F7569 		.ascii	"__uint32_t\000"
 623      6E743332 
 623      5F7400
 624              	.LASF16:
 625 01a3 75696E74 		.ascii	"uint16\000"
 625      313600
 626              	.LASF36:
 627 01aa 6D61696E 		.ascii	"main\000"
 627      00
 628              	.LASF10:
 629 01af 756E7369 		.ascii	"unsigned int\000"
 629      676E6564 
 629      20696E74 
 629      00
 630              	.LASF9:
 631 01bc 6C6F6E67 		.ascii	"long long unsigned int\000"
 631      206C6F6E 
 631      6720756E 
 631      7369676E 
 631      65642069 
 632              	.LASF29:
 633 01d3 4C43445F 		.ascii	"LCD_Position\000"
 633      506F7369 
 633      74696F6E 
 633      00
 634              	.LASF31:
 635 01e0 4C43445F 		.ascii	"LCD_PrintU32Number\000"
 635      5072696E 
 635      74553332 
 635      4E756D62 
 635      657200
 636              	.LASF25:
 637 01f3 4144435F 		.ascii	"ADC_Start\000"
 637      53746172 
 637      7400
 638              	.LASF20:
 639 01fd 6E756D62 		.ascii	"numb\000"
 639      00
 640              	.LASF14:
 641 0202 696E7433 		.ascii	"int32_t\000"
 641      325F7400 
 642              	.LASF12:
 643 020a 73697A65 		.ascii	"sizetype\000"
 643      74797065 
 643      00
 644              	.LASF24:
 645 0213 6B657970 		.ascii	"keypadInit\000"
 645      6164496E 
 645      697400
 646              	.LASF8:
 647 021e 6C6F6E67 		.ascii	"long long int\000"
 647      206C6F6E 
 647      6720696E 
 647      7400
ARM GAS  C:\Users\emanu\AppData\Local\Temp\ccvqZvS1.s 			page 16


 648              	.LASF34:
 649 022c 6D61696E 		.ascii	"main.c\000"
 649      2E6300
 650              	.LASF13:
 651 0233 63686172 		.ascii	"char\000"
 651      00
 652              	.LASF2:
 653 0238 73686F72 		.ascii	"short int\000"
 653      7420696E 
 653      7400
 654              	.LASF22:
 655 0242 61646370 		.ascii	"adcp\000"
 655      00
 656              	.LASF15:
 657 0247 75696E74 		.ascii	"uint32_t\000"
 657      33325F74 
 657      00
 658              	.LASF4:
 659 0250 6C6F6E67 		.ascii	"long int\000"
 659      20696E74 
 659      00
 660              	.LASF11:
 661 0259 6C6F6E67 		.ascii	"long double\000"
 661      20646F75 
 661      626C6500 
 662              	.LASF0:
 663 0265 7369676E 		.ascii	"signed char\000"
 663      65642063 
 663      68617200 
 664              	.LASF32:
 665 0271 43794465 		.ascii	"CyDelay\000"
 665      6C617900 
 666              		.ident	"GCC: (GNU Tools for ARM Embedded Processors) 5.4.1 20160609 (release) [ARM/embedded-5-bran
